info it worked if it ends with ok
verbose cli [ 'node',
verbose cli   '/usr/local/bin/npm',
verbose cli   'install',
verbose cli   'ender',
verbose cli   '-g' ]
info using npm@1.0.1rc9
info using node@v0.4.10
verbose config file /Users/airportyh/.npmrc
verbose config file /usr/local/etc/npmrc
verbose into /usr/local/lib [ 'ender' ]
verbose cache add [ 'ender', null ]
info addNamed [ 'ender', '' ]
verbose addNamed [ null, '' ]
verbose GET ender
verbose raw, before any munging ender
verbose url resolving [ 'http://registry.npmjs.org/', './ender' ]
verbose url resolved http://registry.npmjs.org/ender
verbose url parsed { protocol: 'http:',
verbose url parsed   slashes: true,
verbose url parsed   host: 'registry.npmjs.org',
verbose url parsed   hostname: 'registry.npmjs.org',
verbose url parsed   href: 'http://registry.npmjs.org/ender',
verbose url parsed   pathname: '/ender' }
verbose etag "51B7GTVFMNLC79HR19D906LPY"
verbose response http://registry.npmjs.org/ender
silly get cb [ 304,
silly get cb   { server: 'CouchDB/1.1.0 (Erlang OTP/R14B03)',
silly get cb     etag: '"51B7GTVFMNLC79HR19D906LPY"',
silly get cb     date: 'Wed, 10 Aug 2011 02:19:15 GMT',
silly get cb     'content-length': '0' } ]
verbose etag ender from cache
verbose GET ender/0.6.5
verbose raw, before any munging ender/0.6.5
verbose url resolving [ 'http://registry.npmjs.org/', './ender/0.6.5' ]
verbose url resolved http://registry.npmjs.org/ender/0.6.5
verbose url parsed { protocol: 'http:',
verbose url parsed   slashes: true,
verbose url parsed   host: 'registry.npmjs.org',
verbose url parsed   hostname: 'registry.npmjs.org',
verbose url parsed   href: 'http://registry.npmjs.org/ender/0.6.5',
verbose url parsed   pathname: '/ender/0.6.5' }
verbose etag "51B7GTVFMNLC79HR19D906LPY"
verbose response http://registry.npmjs.org/ender/0.6.5
silly get cb [ 304,
silly get cb   { server: 'CouchDB/1.1.0 (Erlang OTP/R14B03)',
silly get cb     etag: '"51B7GTVFMNLC79HR19D906LPY"',
silly get cb     date: 'Wed, 10 Aug 2011 02:19:15 GMT',
silly get cb     'content-length': '0' } ]
verbose etag ender/0.6.5 from cache
verbose bin dist [ '0.4-darwin-10.8.0',
verbose bin dist   { shasum: 'd6aede9291901434061a9bc092511e75bb1224a0',
verbose bin dist     tarball: 'http://registry.npmjs.org/ender/-/ender-0.6.5.tgz' } ]
silly resolved [ { name: 'ender',
silly resolved     description: 'next level JavaScript modules',
silly resolved     version: '0.6.5',
silly resolved     authors: [ 'Dustin Diaz <@ded>', 'Jacob Thornton <@fat>' ],
silly resolved     keywords: 
silly resolved      [ 'ender',
silly resolved        'modules',
silly resolved        'builder',
silly resolved        'framework',
silly resolved        'packager' ],
silly resolved     main: './lib/ender.js',
silly resolved     homepage: 'https://github.com/ender-js/ender',
silly resolved     engines: { node: '>= 0.4.0' },
silly resolved     dependencies: 
silly resolved      { npm: '>= 1.0.0',
silly resolved        colors: '>= 0.3.0',
silly resolved        'uglify-js': '>= 0.0.1',
silly resolved        gzip: '>= 0.1.0',
silly resolved        async: '>= 0.1.9' },
silly resolved     devDependencies: { 'sink-test': '*' },
silly resolved     directories: { lib: './lib', bin: './bin' },
silly resolved     bin: { ender: './bin/ender' },
silly resolved     preferGlobal: true,
silly resolved     _npmJsonOpts: 
silly resolved      { file: '/Users/jacob/.npm/ender/0.6.5/package/package.json',
silly resolved        wscript: false,
silly resolved        contributors: false,
silly resolved        serverjs: false },
silly resolved     _id: 'ender@0.6.5',
silly resolved     _engineSupported: true,
silly resolved     _npmVersion: '1.0.13',
silly resolved     _nodeVersion: 'v0.4.9',
silly resolved     _defaultsLoaded: true,
silly resolved     dist: 
silly resolved      { shasum: 'd6aede9291901434061a9bc092511e75bb1224a0',
silly resolved        tarball: 'http://registry.npmjs.org/ender/-/ender-0.6.5.tgz' },
silly resolved     scripts: {},
silly resolved     maintainers: 
silly resolved      [ { name: 'ded', email: 'polvero@gmail.com' },
silly resolved        { name: 'fat', email: 'jacobthornton@gmail.com' } ] } ]
info into /usr/local/lib ender@0.6.5
info installOne ender@0.6.5
info unbuild /usr/local/lib/node_modules/ender
silly testEngine { name: 'ender',
silly testEngine   description: 'next level JavaScript modules',
silly testEngine   version: '0.6.5',
silly testEngine   authors: [ 'Dustin Diaz <@ded>', 'Jacob Thornton <@fat>' ],
silly testEngine   keywords: 
silly testEngine    [ 'ender',
silly testEngine      'modules',
silly testEngine      'builder',
silly testEngine      'framework',
silly testEngine      'packager' ],
silly testEngine   main: './lib/ender.js',
silly testEngine   homepage: 'https://github.com/ender-js/ender',
silly testEngine   engines: { node: '>= 0.4.0' },
silly testEngine   dependencies: 
silly testEngine    { npm: '>= 1.0.0',
silly testEngine      colors: '>= 0.3.0',
silly testEngine      'uglify-js': '>= 0.0.1',
silly testEngine      gzip: '>= 0.1.0',
silly testEngine      async: '>= 0.1.9' },
silly testEngine   devDependencies: { 'sink-test': '*' },
silly testEngine   directories: { lib: './lib', bin: './bin' },
silly testEngine   bin: { ender: './bin/ender' },
silly testEngine   preferGlobal: true,
silly testEngine   _id: 'ender@0.6.5',
silly testEngine   _engineSupported: true,
silly testEngine   _npmVersion: '1.0.1rc9',
silly testEngine   _nodeVersion: 'v0.4.10',
silly testEngine   _defaultsLoaded: true,
silly testEngine   dist: { shasum: '2b592535ef640aee628ea1e80d86f118a1c92fbf' } }
verbose caching /Users/airportyh/.npm/ender/0.6.5/package.json
verbose mkdir done: /usr/local/lib/node_modules/___ender.npm
verbose unpack_ uid, gid [ undefined, undefined ]
verbose unpackTarget /usr/local/lib/node_modules/ender
verbose success gzip "--decompress" "--stdout" "/Users/airportyh/.npm/ender/0.6.5/package.tgz"
verbose success tar "-mvxpf" "-" "--no-same-owner" "-C" "/usr/local/lib/node_modules/___ender.npm"
verbose gunzed /usr/local/lib/node_modules/___ender.npm/package
verbose rm'ed /usr/local/lib/node_modules/ender
verbose renamed [ '/usr/local/lib/node_modules/___ender.npm/package',
verbose renamed   '/usr/local/lib/node_modules/ender' ]
silly testEngine { name: 'ender',
silly testEngine   description: 'next level JavaScript modules',
silly testEngine   version: '0.6.5',
silly testEngine   authors: [ 'Dustin Diaz <@ded>', 'Jacob Thornton <@fat>' ],
silly testEngine   keywords: 
silly testEngine    [ 'ender',
silly testEngine      'modules',
silly testEngine      'builder',
silly testEngine      'framework',
silly testEngine      'packager' ],
silly testEngine   main: './lib/ender.js',
silly testEngine   homepage: 'https://github.com/ender-js/ender',
silly testEngine   engines: { node: '>= 0.4.0' },
silly testEngine   dependencies: 
silly testEngine    { npm: '>= 1.0.0',
silly testEngine      colors: '>= 0.3.0',
silly testEngine      'uglify-js': '>= 0.0.1',
silly testEngine      gzip: '>= 0.1.0',
silly testEngine      async: '>= 0.1.9' },
silly testEngine   devDependencies: { 'sink-test': '*' },
silly testEngine   directories: { lib: './lib', bin: './bin' },
silly testEngine   bin: { ender: './bin/ender' },
silly testEngine   preferGlobal: true,
silly testEngine   _id: 'ender@0.6.5',
silly testEngine   _engineSupported: true,
silly testEngine   _npmVersion: '1.0.1rc9',
silly testEngine   _nodeVersion: 'v0.4.10',
silly testEngine   _defaultsLoaded: true }
verbose caching /usr/local/lib/node_modules/ender/package.json
verbose loadDefaults ender@0.6.5
verbose into /usr/local/lib/node_modules/ender [ 'npm@>= 1.0.0',
verbose into /usr/local/lib/node_modules/ender   'colors@>= 0.3.0',
verbose into /usr/local/lib/node_modules/ender   'uglify-js@>= 0.0.1',
verbose into /usr/local/lib/node_modules/ender   'gzip@>= 0.1.0',
verbose into /usr/local/lib/node_modules/ender   'async@>= 0.1.9' ]
verbose cache add [ 'npm@>= 1.0.0', null ]
info addNamed [ 'npm', '>= 1.0.0' ]
verbose addNamed [ null, '>=1.0.0' ]
verbose cache add [ 'colors@>= 0.3.0', null ]
info addNamed [ 'colors', '>= 0.3.0' ]
verbose addNamed [ null, '>=0.3.0' ]
verbose cache add [ 'uglify-js@>= 0.0.1', null ]
info addNamed [ 'uglify-js', '>= 0.0.1' ]
verbose addNamed [ null, '>=0.0.1' ]
verbose cache add [ 'gzip@>= 0.1.0', null ]
info addNamed [ 'gzip', '>= 0.1.0' ]
verbose addNamed [ null, '>=0.1.0' ]
verbose GET npm
verbose raw, before any munging npm
verbose url resolving [ 'http://registry.npmjs.org/', './npm' ]
verbose url resolved http://registry.npmjs.org/npm
verbose url parsed { protocol: 'http:',
verbose url parsed   slashes: true,
verbose url parsed   host: 'registry.npmjs.org',
verbose url parsed   hostname: 'registry.npmjs.org',
verbose url parsed   href: 'http://registry.npmjs.org/npm',
verbose url parsed   pathname: '/npm' }
verbose etag "972S4FSJ5GU0OK6ILPGHTKBGL"
verbose GET colors
verbose raw, before any munging colors
verbose url resolving [ 'http://registry.npmjs.org/', './colors' ]
verbose url resolved http://registry.npmjs.org/colors
verbose url parsed { protocol: 'http:',
verbose url parsed   slashes: true,
verbose url parsed   host: 'registry.npmjs.org',
verbose url parsed   hostname: 'registry.npmjs.org',
verbose url parsed   href: 'http://registry.npmjs.org/colors',
verbose url parsed   pathname: '/colors' }
verbose etag "DKIXRP9PHAYVMZDSIAB2A1XIA"
verbose GET uglify-js
verbose raw, before any munging uglify-js
verbose url resolving [ 'http://registry.npmjs.org/', './uglify-js' ]
verbose url resolved http://registry.npmjs.org/uglify-js
verbose url parsed { protocol: 'http:',
verbose url parsed   slashes: true,
verbose url parsed   host: 'registry.npmjs.org',
verbose url parsed   hostname: 'registry.npmjs.org',
verbose url parsed   href: 'http://registry.npmjs.org/uglify-js',
verbose url parsed   pathname: '/uglify-js' }
verbose etag "1RRLIUJ0Z19KKMA7PQTPZDK3Q"
verbose GET gzip
verbose raw, before any munging gzip
verbose url resolving [ 'http://registry.npmjs.org/', './gzip' ]
verbose url resolved http://registry.npmjs.org/gzip
verbose url parsed { protocol: 'http:',
verbose url parsed   slashes: true,
verbose url parsed   host: 'registry.npmjs.org',
verbose url parsed   hostname: 'registry.npmjs.org',
verbose url parsed   href: 'http://registry.npmjs.org/gzip',
verbose url parsed   pathname: '/gzip' }
verbose etag "36EAV8Q914XRZI65ZWYLEEDOP"
verbose cache add [ 'async@>= 0.1.9', null ]
info addNamed [ 'async', '>= 0.1.9' ]
verbose addNamed [ null, '>=0.1.9' ]
verbose GET async
verbose raw, before any munging async
verbose url resolving [ 'http://registry.npmjs.org/', './async' ]
verbose url resolved http://registry.npmjs.org/async
verbose url parsed { protocol: 'http:',
verbose url parsed   slashes: true,
verbose url parsed   host: 'registry.npmjs.org',
verbose url parsed   hostname: 'registry.npmjs.org',
verbose url parsed   href: 'http://registry.npmjs.org/async',
verbose url parsed   pathname: '/async' }
verbose etag "6R8022ZAPO9H6HEZ6PWSPK47H"
verbose response http://registry.npmjs.org/npm
silly get cb [ 304,
silly get cb   { server: 'CouchDB/1.1.0 (Erlang OTP/R14B03)',
silly get cb     etag: '"972S4FSJ5GU0OK6ILPGHTKBGL"',
silly get cb     date: 'Wed, 10 Aug 2011 02:19:15 GMT',
silly get cb     'content-length': '0' } ]
verbose etag npm from cache
verbose response http://registry.npmjs.org/gzip
silly get cb [ 304,
silly get cb   { server: 'CouchDB/1.1.0 (Erlang OTP/R14B03)',
silly get cb     etag: '"36EAV8Q914XRZI65ZWYLEEDOP"',
silly get cb     date: 'Wed, 10 Aug 2011 02:19:15 GMT',
silly get cb     'content-length': '0' } ]
verbose etag gzip from cache
verbose response http://registry.npmjs.org/colors
silly get cb [ 304,
silly get cb   { server: 'CouchDB/1.1.0 (Erlang OTP/R14B03)',
silly get cb     etag: '"DKIXRP9PHAYVMZDSIAB2A1XIA"',
silly get cb     date: 'Wed, 10 Aug 2011 02:19:15 GMT',
silly get cb     'content-length': '0' } ]
verbose etag colors from cache
verbose GET npm/1.0.23
verbose raw, before any munging npm/1.0.23
verbose url resolving [ 'http://registry.npmjs.org/', './npm/1.0.23' ]
verbose url resolved http://registry.npmjs.org/npm/1.0.23
verbose url parsed { protocol: 'http:',
verbose url parsed   slashes: true,
verbose url parsed   host: 'registry.npmjs.org',
verbose url parsed   hostname: 'registry.npmjs.org',
verbose url parsed   href: 'http://registry.npmjs.org/npm/1.0.23',
verbose url parsed   pathname: '/npm/1.0.23' }
verbose etag "972S4FSJ5GU0OK6ILPGHTKBGL"
verbose response http://registry.npmjs.org/async
silly get cb [ 304,
silly get cb   { server: 'CouchDB/1.1.0 (Erlang OTP/R14B03)',
silly get cb     etag: '"6R8022ZAPO9H6HEZ6PWSPK47H"',
silly get cb     date: 'Wed, 10 Aug 2011 02:19:15 GMT',
silly get cb     'content-length': '0' } ]
verbose etag async from cache
verbose GET gzip/0.1.0
verbose raw, before any munging gzip/0.1.0
verbose url resolving [ 'http://registry.npmjs.org/', './gzip/0.1.0' ]
verbose url resolved http://registry.npmjs.org/gzip/0.1.0
verbose url parsed { protocol: 'http:',
verbose url parsed   slashes: true,
verbose url parsed   host: 'registry.npmjs.org',
verbose url parsed   hostname: 'registry.npmjs.org',
verbose url parsed   href: 'http://registry.npmjs.org/gzip/0.1.0',
verbose url parsed   pathname: '/gzip/0.1.0' }
verbose etag "36EAV8Q914XRZI65ZWYLEEDOP"
verbose GET colors/0.5.0
verbose raw, before any munging colors/0.5.0
verbose url resolving [ 'http://registry.npmjs.org/', './colors/0.5.0' ]
verbose url resolved http://registry.npmjs.org/colors/0.5.0
verbose url parsed { protocol: 'http:',
verbose url parsed   slashes: true,
verbose url parsed   host: 'registry.npmjs.org',
verbose url parsed   hostname: 'registry.npmjs.org',
verbose url parsed   href: 'http://registry.npmjs.org/colors/0.5.0',
verbose url parsed   pathname: '/colors/0.5.0' }
verbose etag "DKIXRP9PHAYVMZDSIAB2A1XIA"
verbose response http://registry.npmjs.org/uglify-js
silly get cb [ 304,
silly get cb   { server: 'CouchDB/1.1.0 (Erlang OTP/R14B03)',
silly get cb     etag: '"1RRLIUJ0Z19KKMA7PQTPZDK3Q"',
silly get cb     date: 'Wed, 10 Aug 2011 02:19:15 GMT',
silly get cb     'content-length': '0' } ]
verbose etag uglify-js from cache
verbose GET async/0.1.9
verbose raw, before any munging async/0.1.9
verbose url resolving [ 'http://registry.npmjs.org/', './async/0.1.9' ]
verbose url resolved http://registry.npmjs.org/async/0.1.9
verbose url parsed { protocol: 'http:',
verbose url parsed   slashes: true,
verbose url parsed   host: 'registry.npmjs.org',
verbose url parsed   hostname: 'registry.npmjs.org',
verbose url parsed   href: 'http://registry.npmjs.org/async/0.1.9',
verbose url parsed   pathname: '/async/0.1.9' }
verbose etag "6R8022ZAPO9H6HEZ6PWSPK47H"
verbose GET uglify-js/1.0.6
verbose raw, before any munging uglify-js/1.0.6
verbose url resolving [ 'http://registry.npmjs.org/', './uglify-js/1.0.6' ]
verbose url resolved http://registry.npmjs.org/uglify-js/1.0.6
verbose url parsed { protocol: 'http:',
verbose url parsed   slashes: true,
verbose url parsed   host: 'registry.npmjs.org',
verbose url parsed   hostname: 'registry.npmjs.org',
verbose url parsed   href: 'http://registry.npmjs.org/uglify-js/1.0.6',
verbose url parsed   pathname: '/uglify-js/1.0.6' }
verbose etag "1RRLIUJ0Z19KKMA7PQTPZDK3Q"
verbose response http://registry.npmjs.org/gzip/0.1.0
silly get cb [ 304,
silly get cb   { server: 'CouchDB/1.1.0 (Erlang OTP/R14B03)',
silly get cb     etag: '"36EAV8Q914XRZI65ZWYLEEDOP"',
silly get cb     date: 'Wed, 10 Aug 2011 02:19:15 GMT',
silly get cb     'content-length': '0' } ]
verbose etag gzip/0.1.0 from cache
verbose response http://registry.npmjs.org/uglify-js/1.0.6
silly get cb [ 304,
silly get cb   { server: 'CouchDB/1.1.0 (Erlang OTP/R14B03)',
silly get cb     etag: '"1RRLIUJ0Z19KKMA7PQTPZDK3Q"',
silly get cb     date: 'Wed, 10 Aug 2011 02:19:15 GMT',
silly get cb     'content-length': '0' } ]
verbose etag uglify-js/1.0.6 from cache
verbose bin dist [ '0.4-darwin-10.8.0',
verbose bin dist   { shasum: '775341d20ea2f1d1a176e73f4b6bc8678703fd8e',
verbose bin dist     tarball: 'http://registry.npmjs.org/gzip/-/gzip-0.1.0.tgz' } ]
verbose bin dist [ '0.4-darwin-10.8.0',
verbose bin dist   { shasum: 'f0d3aafd463f26a437b9ebc19f4947ab7e8078aa',
verbose bin dist     tarball: 'http://registry.npmjs.org/uglify-js/-/uglify-js-1.0.6.tgz' } ]
verbose response http://registry.npmjs.org/npm/1.0.23
silly get cb [ 304,
silly get cb   { server: 'CouchDB/1.1.0 (Erlang OTP/R14B03)',
silly get cb     etag: '"972S4FSJ5GU0OK6ILPGHTKBGL"',
silly get cb     date: 'Wed, 10 Aug 2011 02:19:15 GMT',
silly get cb     'content-length': '0' } ]
verbose etag npm/1.0.23 from cache
verbose response http://registry.npmjs.org/colors/0.5.0
silly get cb [ 304,
silly get cb   { server: 'CouchDB/1.1.0 (Erlang OTP/R14B03)',
silly get cb     etag: '"DKIXRP9PHAYVMZDSIAB2A1XIA"',
silly get cb     date: 'Wed, 10 Aug 2011 02:19:15 GMT',
silly get cb     'content-length': '0' } ]
verbose etag colors/0.5.0 from cache
verbose response http://registry.npmjs.org/async/0.1.9
silly get cb [ 304,
silly get cb   { server: 'CouchDB/1.1.0 (Erlang OTP/R14B03)',
silly get cb     etag: '"6R8022ZAPO9H6HEZ6PWSPK47H"',
silly get cb     date: 'Wed, 10 Aug 2011 02:19:15 GMT',
silly get cb     'content-length': '0' } ]
verbose etag async/0.1.9 from cache
verbose bin dist [ '0.4-darwin-10.8.0',
verbose bin dist   { shasum: '9493c043c7dfa77c13f1d093c18cf1be7e7d72a6',
verbose bin dist     tarball: 'http://registry.npmjs.org/npm/-/npm-1.0.23.tgz' } ]
verbose bin dist [ '0.4-darwin-10.8.0',
verbose bin dist   { shasum: 'ac3ed125fcd8ccbb939b796117bf05d5f15c3e67',
verbose bin dist     tarball: 'http://registry.npmjs.org/colors/-/colors-0.5.0.tgz' } ]
verbose bin dist [ '0.4-darwin-10.8.0',
verbose bin dist   { shasum: 'f984d0739b5382c949cc3bea702d21d0dbd52040',
verbose bin dist     tarball: 'http://registry.npmjs.org/async/-/async-0.1.9.tgz' } ]
verbose addRemoteTarball [ 'http://registry.npmjs.org/npm/-/npm-1.0.23.tgz',
verbose addRemoteTarball   '9493c043c7dfa77c13f1d093c18cf1be7e7d72a6' ]
verbose mkdir done: /tmp/npm-1312942755695/1312942755695-0.8516258152667433
info fetch http://registry.npmjs.org/npm/-/npm-1.0.23.tgz
verbose fetch to /tmp/npm-1312942755695/1312942755695-0.8516258152667433/tmp.tgz
silly updated sha bytes 40960
silly updated sha bytes 40960
silly updated sha bytes 40960
silly updated sha bytes 40960
silly updated sha bytes 40960
silly updated sha bytes 40960
silly updated sha bytes 40960
silly updated sha bytes 40960
silly updated sha bytes 40960
silly updated sha bytes 40960
silly updated sha bytes 40960
silly updated sha bytes 40960
silly updated sha bytes 40960
silly updated sha bytes 40960
silly updated sha bytes 40960
silly updated sha bytes 40960
silly updated sha bytes 40960
silly updated sha bytes 40960
silly updated sha bytes 40960
silly updated sha bytes 40960
silly updated sha bytes 19146
info shasum 9493c043c7dfa77c13f1d093c18cf1be7e7d72a6
info shasum /tmp/npm-1312942755695/1312942755695-0.8516258152667433/tmp.tgz
verbose mkdir done: /tmp/npm-1312942755695/1312942755695-0.8516258152667433/contents/___package.npm
verbose unpack_ uid, gid [ undefined, undefined ]
verbose unpackTarget /tmp/npm-1312942755695/1312942755695-0.8516258152667433/contents/package
verbose success gzip "--decompress" "--stdout" "/tmp/npm-1312942755695/1312942755695-0.8516258152667433/tmp.tgz"
verbose success tar "-mvxpf" "-" "--no-same-owner" "-C" "/tmp/npm-1312942755695/1312942755695-0.8516258152667433/contents/___package.npm"
verbose gunzed /tmp/npm-1312942755695/1312942755695-0.8516258152667433/contents/___package.npm/package
verbose rm'ed /tmp/npm-1312942755695/1312942755695-0.8516258152667433/contents/package
verbose renamed [ '/tmp/npm-1312942755695/1312942755695-0.8516258152667433/contents/___package.npm/package',
verbose renamed   '/tmp/npm-1312942755695/1312942755695-0.8516258152667433/contents/package' ]
silly testEngine { name: 'npm',
silly testEngine   description: 'A package manager for node',
silly testEngine   keywords: 
silly testEngine    [ 'package manager',
silly testEngine      'modules',
silly testEngine      'install',
silly testEngine      'package.json' ],
silly testEngine   version: '1.0.23',
silly testEngine   preferGlobal: true,
silly testEngine   config: { publishtest: false },
silly testEngine   homepage: 'http://npmjs.org/',
silly testEngine   author: 
silly testEngine    { name: 'Isaac Z. Schlueter',
silly testEngine      email: 'i@izs.me',
silly testEngine      url: 'http://blog.izs.me' },
silly testEngine   repository: 
silly testEngine    { type: 'git',
silly testEngine      url: 'git://github.com/isaacs/npm.git' },
silly testEngine   bugs: 
silly testEngine    { email: 'npm-@googlegroups.com',
silly testEngine      url: 'http://github.com/isaacs/npm/issues' },
silly testEngine   directories: 
silly testEngine    { doc: './doc',
silly testEngine      man: './man1',
silly testEngine      lib: './lib',
silly testEngine      bin: './bin' },
silly testEngine   main: 'npm',
silly testEngine   bin: 
silly testEngine    { npm: './bin/npm.js',
silly testEngine      npm_g: './bin/npm.js',
silly testEngine      'npm-g': './bin/npm.js' },
silly testEngine   dependencies: 
silly testEngine    { semver: '1',
silly testEngine      ini: '1',
silly testEngine      slide: '1',
silly testEngine      abbrev: '1',
silly testEngine      'graceful-fs': '1',
silly testEngine      minimatch: '0',
silly testEngine      nopt: '1',
silly testEngine      'node-uuid': '1.2',
silly testEngine      'proto-list': '1',
silly testEngine      rimraf: '1',
silly testEngine      which: '1' },
silly testEngine   bundleDependencies: 
silly testEngine    [ 'slide',
silly testEngine      'ini',
silly testEngine      'semver',
silly testEngine      'abbrev',
silly testEngine      'graceful-fs',
silly testEngine      'minimatch',
silly testEngine      'nopt',
silly testEngine      'node-uuid',
silly testEngine      'rimraf',
silly testEngine      'proto-list',
silly testEngine      'which' ],
silly testEngine   devDependencies: { ronn: '' },
silly testEngine   engines: { node: '0.4 || 0.5', npm: '1' },
silly testEngine   scripts: { test: './test/run.sh', prepublish: 'make doc' },
silly testEngine   licenses: 
silly testEngine    [ { type: 'MIT',
silly testEngine        url: 'http://github.com/isaacs/npm/raw/master/LICENSE' } ],
silly testEngine   _id: 'npm@1.0.23',
silly testEngine   _engineSupported: true,
silly testEngine   _npmVersion: '1.0.1rc9',
silly testEngine   _nodeVersion: 'v0.4.10',
silly testEngine   _defaultsLoaded: true,
silly testEngine   man: 
silly testEngine    [ 'man1/adduser.1',
silly testEngine      'man1/author.1',
silly testEngine      'man1/bin.1',
silly testEngine      'man1/build.1',
silly testEngine      'man1/bundle.1',
silly testEngine      'man1/cache.1',
silly testEngine      'man1/changelog.1',
silly testEngine      'man1/coding-style.1',
silly testEngine      'man1/completion.1',
silly testEngine      'man1/config.1',
silly testEngine      'man1/deprecate.1',
silly testEngine      'man1/developers.1',
silly testEngine      'man1/docs.1',
silly testEngine      'man1/edit.1',
silly testEngine      'man1/explore.1',
silly testEngine      'man1/faq.1',
silly testEngine      'man1/find.1',
silly testEngine      'man1/folders.1',
silly testEngine      'man1/get.1',
silly testEngine      'man1/global.1',
silly testEngine      'man1/help-search.1',
silly testEngine      'man1/home.1',
silly testEngine      'man1/init.1',
silly testEngine      'man1/install.1',
silly testEngine      'man1/json.1',
silly testEngine      'man1/link.1',
silly testEngine      'man1/list.1',
silly testEngine      'man1/ln.1',
silly testEngine      'man1/ls.1',
silly testEngine      'man1/npm.1',
silly testEngine      'man1/outdated.1',
silly testEngine      'man1/owner.1',
silly testEngine      'man1/pack.1',
silly testEngine      'man1/prefix.1',
silly testEngine      'man1/prune.1',
silly testEngine      'man1/publish.1',
silly testEngine      'man1/rebuild.1',
silly testEngine      'man1/registry.1',
silly testEngine      'man1/removing-npm.1',
silly testEngine      'man1/restart.1',
silly testEngine      'man1/rm.1',
silly testEngine      'man1/root.1',
silly testEngine      'man1/run-script.1',
silly testEngine      'man1/scripts.1',
silly testEngine      'man1/search.1',
silly testEngine      'man1/semver.1',
silly testEngine      'man1/set.1',
silly testEngine      'man1/start.1',
silly testEngine      'man1/stop.1',
silly testEngine      'man1/submodule.1',
silly testEngine      'man1/tag.1',
silly testEngine      'man1/test.1',
silly testEngine      'man1/uninstall.1',
silly testEngine      'man1/unpublish.1',
silly testEngine      'man1/update.1',
silly testEngine      'man1/version.1',
silly testEngine      'man1/view.1',
silly testEngine      'man1/whoami.1' ],
silly testEngine   path: '/tmp/npm-1312942755695/1312942755695-0.8516258152667433/contents/package' }
verbose caching /tmp/npm-1312942755695/1312942755695-0.8516258152667433/contents/package/package.json
verbose loadDefaults npm@1.0.23
verbose tarball contents [ 'package' ]
verbose from cache /tmp/npm-1312942755695/1312942755695-0.8516258152667433/contents/package/package.json
verbose pack /tmp/npm-1312942755695/1312942755695-0.8516258152667433/contents/package /Users/airportyh/.npm/npm/1.0.23/package.tgz
verbose from cache /tmp/npm-1312942755695/1312942755695-0.8516258152667433/contents/package/package.json
silly testEngine { name: 'abbrev',
silly testEngine   version: '1.0.3',
silly testEngine   description: 'Like ruby\'s abbrev module, but in js',
silly testEngine   author: { name: 'Isaac Z. Schlueter', email: 'i@izs.me' },
silly testEngine   main: './lib/abbrev.js',
silly testEngine   scripts: { test: 'node lib/abbrev.js' },
silly testEngine   repository: 
silly testEngine    { type: 'git',
silly testEngine      url: 'git://github.com/isaacs/abbrev-js.git' },
silly testEngine   dependencies: {},
silly testEngine   devDependencies: {},
silly testEngine   _id: 'abbrev@1.0.3',
silly testEngine   engines: { node: '*' },
silly testEngine   _engineSupported: true,
silly testEngine   _npmVersion: '1.0.1rc9',
silly testEngine   _nodeVersion: 'v0.4.10',
silly testEngine   _defaultsLoaded: true,
silly testEngine   path: '/tmp/npm-1312942755695/1312942755695-0.8516258152667433/contents/package/node_modules/abbrev' }
verbose caching /tmp/npm-1312942755695/1312942755695-0.8516258152667433/contents/package/node_modules/abbrev/package.json
verbose loadDefaults abbrev@1.0.3
silly testEngine { author: 
silly testEngine    { name: 'Isaac Z. Schlueter',
silly testEngine      email: 'i@izs.me',
silly testEngine      url: 'http://blog.izs.me' },
silly testEngine   name: 'graceful-fs',
silly testEngine   description: 'fs with incremental backoff on EMFILE',
silly testEngine   version: '1.0.0',
silly testEngine   repository: 
silly testEngine    { type: 'git',
silly testEngine      url: 'git://github.com/isaacs/node-graceful-fs.git' },
silly testEngine   main: 'graceful-fs.js',
silly testEngine   engines: { node: '0.4 || 0.5' },
silly testEngine   dependencies: {},
silly testEngine   devDependencies: {},
silly testEngine   _id: 'graceful-fs@1.0.0',
silly testEngine   _engineSupported: true,
silly testEngine   _npmVersion: '1.0.1rc9',
silly testEngine   _nodeVersion: 'v0.4.10',
silly testEngine   _defaultsLoaded: true,
silly testEngine   path: '/tmp/npm-1312942755695/1312942755695-0.8516258152667433/contents/package/node_modules/graceful-fs' }
verbose caching /tmp/npm-1312942755695/1312942755695-0.8516258152667433/contents/package/node_modules/graceful-fs/package.json
verbose loadDefaults graceful-fs@1.0.0
silly testEngine { author: 
silly testEngine    { name: 'Isaac Z. Schlueter',
silly testEngine      email: 'i@izs.me',
silly testEngine      url: 'http://blog.izs.me/' },
silly testEngine   name: 'ini',
silly testEngine   description: 'An ini encoder/decoder for node',
silly testEngine   version: '1.0.0',
silly testEngine   repository: 
silly testEngine    { type: 'git',
silly testEngine      url: 'git://github.com/isaacs/ini.git' },
silly testEngine   main: 'ini.js',
silly testEngine   scripts: { test: 'tap test/*.js' },
silly testEngine   engines: { node: '*' },
silly testEngine   dependencies: {},
silly testEngine   devDependencies: { tap: '~0.0.9' },
silly testEngine   _id: 'ini@1.0.0',
silly testEngine   _engineSupported: true,
silly testEngine   _npmVersion: '1.0.1rc9',
silly testEngine   _nodeVersion: 'v0.4.10',
silly testEngine   _defaultsLoaded: true,
silly testEngine   path: '/tmp/npm-1312942755695/1312942755695-0.8516258152667433/contents/package/node_modules/ini' }
verbose caching /tmp/npm-1312942755695/1312942755695-0.8516258152667433/contents/package/node_modules/ini/package.json
verbose loadDefaults ini@1.0.0
silly testEngine { author: 
silly testEngine    { name: 'Isaac Z. Schlueter',
silly testEngine      email: 'i@izs.me',
silly testEngine      url: 'http://blog.izs.me' },
silly testEngine   name: 'minimatch',
silly testEngine   description: 'a glob matcher in javascript',
silly testEngine   version: '0.0.2',
silly testEngine   repository: 
silly testEngine    { type: 'git',
silly testEngine      url: 'git://github.com/isaacs/minimatch.git' },
silly testEngine   main: 'minimatch.js',
silly testEngine   scripts: { test: 'tap test' },
silly testEngine   engines: { node: '*' },
silly testEngine   bundleDependencies: [ 'lru-cache' ],
silly testEngine   dependencies: { 'lru-cache': '~1.0.2' },
silly testEngine   devDependencies: { tap: '~0.0.5' },
silly testEngine   _id: 'minimatch@0.0.2',
silly testEngine   _engineSupported: true,
silly testEngine   _npmVersion: '1.0.1rc9',
silly testEngine   _nodeVersion: 'v0.4.10',
silly testEngine   _defaultsLoaded: true,
silly testEngine   path: '/tmp/npm-1312942755695/1312942755695-0.8516258152667433/contents/package/node_modules/minimatch' }
verbose caching /tmp/npm-1312942755695/1312942755695-0.8516258152667433/contents/package/node_modules/minimatch/package.json
verbose loadDefaults minimatch@0.0.2
silly testEngine { name: 'node-uuid',
silly testEngine   description: 'Simple, fast generation of RFC4122(v4) UUIDs.',
silly testEngine   url: 'http://github.com/broofa/node-uuid',
silly testEngine   keywords: [ 'uuid', 'guid', 'rfc4122' ],
silly testEngine   author: { name: 'Robert Kieffer', email: 'robert@broofa.com' },
silly testEngine   contributors: [],
silly testEngine   dependencies: {},
silly testEngine   lib: '.',
silly testEngine   main: './uuid.js',
silly testEngine   version: '1.2.0',
silly testEngine   devDependencies: {},
silly testEngine   _id: 'node-uuid@1.2.0',
silly testEngine   engines: { node: '*' },
silly testEngine   _engineSupported: true,
silly testEngine   _npmVersion: '1.0.1rc9',
silly testEngine   _nodeVersion: 'v0.4.10',
silly testEngine   _defaultsLoaded: true,
silly testEngine   path: '/tmp/npm-1312942755695/1312942755695-0.8516258152667433/contents/package/node_modules/node-uuid' }
verbose caching /tmp/npm-1312942755695/1312942755695-0.8516258152667433/contents/package/node_modules/node-uuid/package.json
verbose loadDefaults node-uuid@1.2.0
silly testEngine { name: 'nopt',
silly testEngine   version: '1.0.5',
silly testEngine   description: 'Option parsing for Node, supporting types, shorthands, etc. Used by npm.',
silly testEngine   author: 
silly testEngine    { name: 'Isaac Z. Schlueter',
silly testEngine      email: 'i@izs.me',
silly testEngine      url: 'http://blog.izs.me/' },
silly testEngine   main: 'lib/nopt.js',
silly testEngine   scripts: { test: 'node lib/nopt.js' },
silly testEngine   repository: 
silly testEngine    { type: 'git',
silly testEngine      url: 'git://github.com/isaacs/nopt.git' },
silly testEngine   license: 
silly testEngine    { type: 'MIT',
silly testEngine      url: 'https://github.com/isaacs/nopt/raw/master/LICENSE' },
silly testEngine   dependencies: { abbrev: '1' },
silly testEngine   devDependencies: {},
silly testEngine   _id: 'nopt@1.0.5',
silly testEngine   engines: { node: '*' },
silly testEngine   _engineSupported: true,
silly testEngine   _npmVersion: '1.0.1rc9',
silly testEngine   _nodeVersion: 'v0.4.10',
silly testEngine   _defaultsLoaded: true,
silly testEngine   path: '/tmp/npm-1312942755695/1312942755695-0.8516258152667433/contents/package/node_modules/nopt' }
verbose caching /tmp/npm-1312942755695/1312942755695-0.8516258152667433/contents/package/node_modules/nopt/package.json
verbose loadDefaults nopt@1.0.5
silly testEngine { name: 'proto-list',
silly testEngine   version: '1.0.0',
silly testEngine   description: 'A utility for managing a prototype chain',
silly testEngine   main: './proto-list.js',
silly testEngine   author: 
silly testEngine    { name: 'Isaac Z. Schlueter',
silly testEngine      email: 'i@izs.me',
silly testEngine      url: 'http://blog.izs.me/' },
silly testEngine   scripts: { test: 'node proto-list.js' },
silly testEngine   repository: 
silly testEngine    { type: 'git',
silly testEngine      url: 'git://github.com/isaacs/proto-list.git' },
silly testEngine   license: 
silly testEngine    { type: 'MIT',
silly testEngine      url: 'https://github.com/isaacs/proto-list/blob/master/LICENSE' },
silly testEngine   devDependencies: { tap: '0' },
silly testEngine   dependencies: {},
silly testEngine   _id: 'proto-list@1.0.0',
silly testEngine   engines: { node: '*' },
silly testEngine   _engineSupported: true,
silly testEngine   _npmVersion: '1.0.1rc9',
silly testEngine   _nodeVersion: 'v0.4.10',
silly testEngine   _defaultsLoaded: true,
silly testEngine   path: '/tmp/npm-1312942755695/1312942755695-0.8516258152667433/contents/package/node_modules/proto-list' }
verbose caching /tmp/npm-1312942755695/1312942755695-0.8516258152667433/contents/package/node_modules/proto-list/package.json
verbose loadDefaults proto-list@1.0.0
silly testEngine { name: 'rimraf',
silly testEngine   version: '1.0.4',
silly testEngine   main: 'rimraf.js',
silly testEngine   description: 'A deep deletion module for node (like `rm -rf`)',
silly testEngine   author: 
silly testEngine    { name: 'Isaac Z. Schlueter',
silly testEngine      email: 'i@izs.me',
silly testEngine      url: 'http://blog.izs.me/' },
silly testEngine   license: 
silly testEngine    { type: 'MIT',
silly testEngine      url: 'https://github.com/isaacs/rimraf/raw/master/LICENSE' },
silly testEngine   repository: 
silly testEngine    { type: 'git',
silly testEngine      url: 'git://github.com/isaacs/rimraf.git' },
silly testEngine   scripts: { test: 'cd test && bash run.sh' },
silly testEngine   dependencies: {},
silly testEngine   devDependencies: {},
silly testEngine   _id: 'rimraf@1.0.4',
silly testEngine   engines: { node: '*' },
silly testEngine   _engineSupported: true,
silly testEngine   _npmVersion: '1.0.1rc9',
silly testEngine   _nodeVersion: 'v0.4.10',
silly testEngine   _defaultsLoaded: true,
silly testEngine   path: '/tmp/npm-1312942755695/1312942755695-0.8516258152667433/contents/package/node_modules/rimraf' }
verbose caching /tmp/npm-1312942755695/1312942755695-0.8516258152667433/contents/package/node_modules/rimraf/package.json
verbose loadDefaults rimraf@1.0.4
silly testEngine { name: 'semver',
silly testEngine   version: '1.0.9',
silly testEngine   description: 'The semantic version parser used by npm.',
silly testEngine   main: 'semver.js',
silly testEngine   scripts: { test: 'tap semver.js' },
silly testEngine   devDependencies: { tap: '0.x >=0.0.4' },
silly testEngine   license: 
silly testEngine    { type: 'MIT',
silly testEngine      url: 'https://github.com/isaacs/semver/raw/master/LICENSE' },
silly testEngine   repository: 
silly testEngine    { type: 'git',
silly testEngine      url: 'git://github.com/isaacs/node-semver.git' },
silly testEngine   bin: { semver: './bin/semver' },
silly testEngine   dependencies: {},
silly testEngine   _id: 'semver@1.0.9',
silly testEngine   engines: { node: '*' },
silly testEngine   _engineSupported: true,
silly testEngine   _npmVersion: '1.0.1rc9',
silly testEngine   _nodeVersion: 'v0.4.10',
silly testEngine   _defaultsLoaded: true,
silly testEngine   path: '/tmp/npm-1312942755695/1312942755695-0.8516258152667433/contents/package/node_modules/semver' }
verbose caching /tmp/npm-1312942755695/1312942755695-0.8516258152667433/contents/package/node_modules/semver/package.json
verbose loadDefaults semver@1.0.9
silly testEngine { name: 'slide',
silly testEngine   version: '1.1.3',
silly testEngine   author: 
silly testEngine    { name: 'Isaac Z. Schlueter',
silly testEngine      email: 'i@izs.me',
silly testEngine      url: 'http://blog.izs.me/' },
silly testEngine   contributors: 
silly testEngine    [ { name: 'S. Sriram',
silly testEngine        email: 'ssriram@gmail.com',
silly testEngine        url: 'http://www.565labs.com' } ],
silly testEngine   description: 'A flow control lib small enough to fit on in a slide presentation. Derived live at Oak.JS',
silly testEngine   main: './lib/slide.js',
silly testEngine   dependencies: {},
silly testEngine   devDependencies: {},
silly testEngine   engines: { node: '*' },
silly testEngine   repository: 
silly testEngine    { type: 'git',
silly testEngine      url: 'git://github.com/isaacs/slide-flow-control.git' },
silly testEngine   _id: 'slide@1.1.3',
silly testEngine   _engineSupported: true,
silly testEngine   _npmVersion: '1.0.1rc9',
silly testEngine   _nodeVersion: 'v0.4.10',
silly testEngine   _defaultsLoaded: true,
silly testEngine   path: '/tmp/npm-1312942755695/1312942755695-0.8516258152667433/contents/package/node_modules/slide' }
verbose caching /tmp/npm-1312942755695/1312942755695-0.8516258152667433/contents/package/node_modules/slide/package.json
verbose loadDefaults slide@1.1.3
silly testEngine { author: 
silly testEngine    { name: 'Isaac Z. Schlueter',
silly testEngine      email: 'i@izs.me',
silly testEngine      url: 'http://blog.izs.me' },
silly testEngine   name: 'which',
silly testEngine   description: 'Like which(1) unix command. Find the first instance of an executable in the PATH.',
silly testEngine   version: '1.0.0',
silly testEngine   repository: 
silly testEngine    { type: 'git',
silly testEngine      url: 'git://github.com/isaacs/node-which.git' },
silly testEngine   main: 'which.js',
silly testEngine   bin: { which: './bin/which' },
silly testEngine   engines: { node: '*' },
silly testEngine   dependencies: {},
silly testEngine   devDependencies: {},
silly testEngine   _id: 'which@1.0.0',
silly testEngine   _engineSupported: true,
silly testEngine   _npmVersion: '1.0.1rc9',
silly testEngine   _nodeVersion: 'v0.4.10',
silly testEngine   _defaultsLoaded: true,
silly testEngine   path: '/tmp/npm-1312942755695/1312942755695-0.8516258152667433/contents/package/node_modules/which' }
verbose caching /tmp/npm-1312942755695/1312942755695-0.8516258152667433/contents/package/node_modules/which/package.json
verbose loadDefaults which@1.0.0
silly testEngine { name: 'bundletest',
silly testEngine   version: '1.0.0',
silly testEngine   dependencies: { bundletest: '*' },
silly testEngine   devDependencies: {},
silly testEngine   _id: 'bundletest@1.0.0',
silly testEngine   engines: { node: '*' },
silly testEngine   _engineSupported: true,
silly testEngine   _npmVersion: '1.0.1rc9',
silly testEngine   _nodeVersion: 'v0.4.10',
silly testEngine   _defaultsLoaded: true,
silly testEngine   path: '/tmp/npm-1312942755695/1312942755695-0.8516258152667433/contents/package/test/disabled/bundlerecurs' }
verbose caching /tmp/npm-1312942755695/1312942755695-0.8516258152667433/contents/package/test/disabled/bundlerecurs/package.json
verbose loadDefaults bundletest@1.0.0
silly testEngine { name: 'failer',
silly testEngine   version: '9999.999.99',
silly testEngine   dependencies: { base64: '*' },
silly testEngine   scripts: { preinstall: 'exit 1' },
silly testEngine   devDependencies: {},
silly testEngine   _id: 'failer@9999.999.99',
silly testEngine   engines: { node: '*' },
silly testEngine   _engineSupported: true,
silly testEngine   _npmVersion: '1.0.1rc9',
silly testEngine   _nodeVersion: 'v0.4.10',
silly testEngine   _defaultsLoaded: true,
silly testEngine   path: '/tmp/npm-1312942755695/1312942755695-0.8516258152667433/contents/package/test/disabled/failer' }
verbose caching /tmp/npm-1312942755695/1312942755695-0.8516258152667433/contents/package/test/disabled/failer/package.json
verbose loadDefaults failer@9999.999.99
silly testEngine { name: 'fast',
silly testEngine   description: 'does nothing, and not very fast',
silly testEngine   version: '1.2.3',
silly testEngine   scripts: 
silly testEngine    { preinstall: 'sleep 1 && echo fast 1 $(date +%s) && echo fast 2',
silly testEngine      install: 'sleep 1 && echo fast 2 $(date +%s) && echo fast 3',
silly testEngine      postinstall: 'sleep 1 && echo fast 3 $(date +%s) && echo fast 4',
silly testEngine      preactivate: 'sleep 1 && echo fast 4 $(date +%s) && echo fast 5',
silly testEngine      activate: 'sleep 1 && echo fast 5 $(date +%s) && echo fast 6',
silly testEngine      postactivate: 'sleep 1 && echo fast 6 $(date +%s) && echo fast 7' },
silly testEngine   dependencies: {},
silly testEngine   devDependencies: {},
silly testEngine   _id: 'fast@1.2.3',
silly testEngine   engines: { node: '*' },
silly testEngine   _engineSupported: true,
silly testEngine   _npmVersion: '1.0.1rc9',
silly testEngine   _nodeVersion: 'v0.4.10',
silly testEngine   _defaultsLoaded: true,
silly testEngine   path: '/tmp/npm-1312942755695/1312942755695-0.8516258152667433/contents/package/test/disabled/fast' }
verbose caching /tmp/npm-1312942755695/1312942755695-0.8516258152667433/contents/package/test/disabled/fast/package.json
verbose loadDefaults fast@1.2.3
silly testEngine { name: 'package-config',
silly testEngine   version: '1.2.3',
silly testEngine   config: { foo: 'bar' },
silly testEngine   scripts: { test: './test.js' },
silly testEngine   dependencies: {},
silly testEngine   devDependencies: {},
silly testEngine   _id: 'package-config@1.2.3',
silly testEngine   engines: { node: '*' },
silly testEngine   _engineSupported: true,
silly testEngine   _npmVersion: '1.0.1rc9',
silly testEngine   _nodeVersion: 'v0.4.10',
silly testEngine   _defaultsLoaded: true,
silly testEngine   path: '/tmp/npm-1312942755695/1312942755695-0.8516258152667433/contents/package/test/disabled/package-config' }
verbose caching /tmp/npm-1312942755695/1312942755695-0.8516258152667433/contents/package/test/disabled/package-config/package.json
verbose loadDefaults package-config@1.2.3
silly testEngine { name: 'slow',
silly testEngine   description: 'just like fast, but even slower',
silly testEngine   version: '1.2.3',
silly testEngine   scripts: 
silly testEngine    { preinstall: 'sleep 1 && echo slow 1 $(date +%s) && sleep 1 && echo slow 2 $(date +%s)',
silly testEngine      install: 'sleep 1 && echo slow 2 $(date +%s) && sleep 1 && echo slow 3 $(date +%s)',
silly testEngine      postinstall: 'sleep 1 && echo slow 3 $(date +%s) && sleep 1 && echo slow 4 $(date +%s)',
silly testEngine      preactivate: 'sleep 1 && echo slow 4 $(date +%s) && sleep 1 && echo slow 5 $(date +%s)',
silly testEngine      activate: 'sleep 1 && echo slow 5 $(date +%s) && sleep 1 && echo slow 6 $(date +%s)',
silly testEngine      postactivate: 'sleep 1 && echo slow 6 $(date +%s) && sleep 1 && echo slow 7 $(date +%s)' },
silly testEngine   dependencies: {},
silly testEngine   devDependencies: {},
silly testEngine   _id: 'slow@1.2.3',
silly testEngine   engines: { node: '*' },
silly testEngine   _engineSupported: true,
silly testEngine   _npmVersion: '1.0.1rc9',
silly testEngine   _nodeVersion: 'v0.4.10',
silly testEngine   _defaultsLoaded: true,
silly testEngine   path: '/tmp/npm-1312942755695/1312942755695-0.8516258152667433/contents/package/test/disabled/slow' }
verbose caching /tmp/npm-1312942755695/1312942755695-0.8516258152667433/contents/package/test/disabled/slow/package.json
verbose loadDefaults slow@1.2.3
silly testEngine { name: 'startstop',
silly testEngine   version: '1.2.3',
silly testEngine   scripts: { start: 'echo \'start\'', stop: 'echo \'stop\'' },
silly testEngine   dependencies: {},
silly testEngine   devDependencies: {},
silly testEngine   _id: 'startstop@1.2.3',
silly testEngine   engines: { node: '*' },
silly testEngine   _engineSupported: true,
silly testEngine   _npmVersion: '1.0.1rc9',
silly testEngine   _nodeVersion: 'v0.4.10',
silly testEngine   _defaultsLoaded: true,
silly testEngine   path: '/tmp/npm-1312942755695/1312942755695-0.8516258152667433/contents/package/test/disabled/startstop' }
verbose caching /tmp/npm-1312942755695/1312942755695-0.8516258152667433/contents/package/test/disabled/startstop/package.json
verbose loadDefaults startstop@1.2.3
silly testEngine { name: 'npm-test-blerg',
silly testEngine   version: '0.0.0',
silly testEngine   scripts: { test: 'node test.js' },
silly testEngine   dependencies: {},
silly testEngine   devDependencies: {},
silly testEngine   _id: 'npm-test-blerg@0.0.0',
silly testEngine   engines: { node: '*' },
silly testEngine   _engineSupported: true,
silly testEngine   _npmVersion: '1.0.1rc9',
silly testEngine   _nodeVersion: 'v0.4.10',
silly testEngine   _defaultsLoaded: true,
silly testEngine   path: '/tmp/npm-1312942755695/1312942755695-0.8516258152667433/contents/package/test/packages/npm-test-blerg' }
verbose caching /tmp/npm-1312942755695/1312942755695-0.8516258152667433/contents/package/test/packages/npm-test-blerg/package.json
verbose loadDefaults npm-test-blerg@0.0.0
silly testEngine { name: 'npm-test-env-reader',
silly testEngine   version: '1.2.3',
silly testEngine   dependencies: { connect: '*', fab: '*', glob: '*' },
silly testEngine   scripts: 
silly testEngine    { install: './test.sh',
silly testEngine      preinstall: './test.sh',
silly testEngine      activate: './test.sh',
silly testEngine      postactivate: './test.sh',
silly testEngine      preuninstall: './test.sh',
silly testEngine      postuninstall: './test.sh',
silly testEngine      predeactivate: './test.sh',
silly testEngine      test: './test.sh',
silly testEngine      stop: './test.sh',
silly testEngine      start: './test.sh',
silly testEngine      restart: './test.sh',
silly testEngine      foo: './test.sh' },
silly testEngine   devDependencies: {},
silly testEngine   _id: 'npm-test-env-reader@1.2.3',
silly testEngine   engines: { node: '*' },
silly testEngine   _engineSupported: true,
silly testEngine   _npmVersion: '1.0.1rc9',
silly testEngine   _nodeVersion: 'v0.4.10',
silly testEngine   _defaultsLoaded: true,
silly testEngine   path: '/tmp/npm-1312942755695/1312942755695-0.8516258152667433/contents/package/test/packages/npm-test-env-reader' }
verbose caching /tmp/npm-1312942755695/1312942755695-0.8516258152667433/contents/package/test/packages/npm-test-env-reader/package.json
verbose loadDefaults npm-test-env-reader@1.2.3
silly testEngine { name: 'npm-test-missing-bindir',
silly testEngine   version: '0.0.0',
silly testEngine   scripts: { test: 'node test.js' },
silly testEngine   directories: { bin: './not-found' },
silly testEngine   dependencies: {},
silly testEngine   devDependencies: {},
silly testEngine   _id: 'npm-test-missing-bindir@0.0.0',
silly testEngine   engines: { node: '*' },
silly testEngine   _engineSupported: true,
silly testEngine   _npmVersion: '1.0.1rc9',
silly testEngine   _nodeVersion: 'v0.4.10',
silly testEngine   _defaultsLoaded: true,
silly testEngine   bin: {} }
verbose caching /tmp/npm-1312942755695/1312942755695-0.8516258152667433/contents/package/test/packages/npm-test-missing-bindir/package.json
verbose loadDefaults npm-test-missing-bindir@0.0.0
verbose npm-test-missing-bindir@0.0.0 linking default bins
silly testEngine { name: 'npm-test-private',
silly testEngine   version: '9.9.9-9',
silly testEngine   homepage: 'http://www.youtube.com/watch?v=1MLry6Cn_D4',
silly testEngine   private: 'true',
silly testEngine   dependencies: {},
silly testEngine   devDependencies: {},
silly testEngine   _id: 'npm-test-private@9.9.9-9',
silly testEngine   engines: { node: '*' },
silly testEngine   _engineSupported: true,
silly testEngine   _npmVersion: '1.0.1rc9',
silly testEngine   _nodeVersion: 'v0.4.10',
silly testEngine   _defaultsLoaded: true,
silly testEngine   path: '/tmp/npm-1312942755695/1312942755695-0.8516258152667433/contents/package/test/packages/npm-test-private' }
verbose caching /tmp/npm-1312942755695/1312942755695-0.8516258152667433/contents/package/test/packages/npm-test-private/package.json
verbose loadDefaults npm-test-private@9.9.9-9
silly testEngine { name: 'npm-test-test-package',
silly testEngine   author: { name: 'Testy McMock' },
silly testEngine   version: '1.2.3-99-b',
silly testEngine   description: 'This is a test package used for debugging. It has some random data and that\'s all.',
silly testEngine   dependencies: {},
silly testEngine   devDependencies: {},
silly testEngine   _id: 'npm-test-test-package@1.2.3-99-b',
silly testEngine   engines: { node: '*' },
silly testEngine   _engineSupported: true,
silly testEngine   _npmVersion: '1.0.1rc9',
silly testEngine   _nodeVersion: 'v0.4.10',
silly testEngine   _defaultsLoaded: true,
silly testEngine   path: '/tmp/npm-1312942755695/1312942755695-0.8516258152667433/contents/package/test/packages/npm-test-test-package' }
verbose caching /tmp/npm-1312942755695/1312942755695-0.8516258152667433/contents/package/test/packages/npm-test-test-package/package.json
verbose loadDefaults npm-test-test-package@1.2.3-99-b
silly testEngine { name: 'npm-test-url-dep',
silly testEngine   version: '1.2.3',
silly testEngine   files: [],
silly testEngine   dependencies: 
silly testEngine    { express: '*',
silly testEngine      npm: 'https://github.com/isaacs/npm/tarball/master' },
silly testEngine   devDependencies: {},
silly testEngine   _id: 'npm-test-url-dep@1.2.3',
silly testEngine   engines: { node: '*' },
silly testEngine   _engineSupported: true,
silly testEngine   _npmVersion: '1.0.1rc9',
silly testEngine   _nodeVersion: 'v0.4.10',
silly testEngine   _defaultsLoaded: true,
silly testEngine   path: '/tmp/npm-1312942755695/1312942755695-0.8516258152667433/contents/package/test/packages/npm-test-url-dep' }
verbose caching /tmp/npm-1312942755695/1312942755695-0.8516258152667433/contents/package/test/packages/npm-test-url-dep/package.json
verbose loadDefaults npm-test-url-dep@1.2.3
ERR! { stack: [Getter/Setter],
ERR!   arguments: [ 'filter', undefined ],
ERR!   type: 'non_object_property_call',
ERR!   message: [Getter/Setter] }
ERR! Report this *entire* log at:
ERR!     <http://github.com/isaacs/npm/issues>
ERR! or email it to:
ERR!     <npm-@googlegroups.com>
ERR! 
ERR! System Darwin 10.8.0
ERR! command "node" "/usr/local/bin/npm" "install" "ender" "-g"
verbose exit [ 1, true ]
